2020-08-02 20:04:01,492:INFO:PyCaret Classification Module
2020-08-02 20:04:01,492:INFO:version 2.0
2020-08-02 20:04:01,492:INFO:Initializing setup()
2020-08-02 20:04:01,493:INFO:USI: b0cd
2020-08-02 20:04:01,493:INFO:setup(data=(4600, 179), target=y, train_size=0.7, sampling=True, sample_estimator=None, categorical_features=None, categorical_imputation=constant, ordinal_features=None,
                    high_cardinality_features=None, high_cardinality_method=frequency, numeric_features=None, numeric_imputation=mean, date_features=None, ignore_features=None, normalize=False,
                    normalize_method=zscore, transformation=False, transformation_method=yeo-johnson, handle_unknown_categorical=True, unknown_categorical_method=least_frequent, pca=False, pca_method=linear,
                    pca_components=None, ignore_low_variance=False, combine_rare_levels=False, rare_level_threshold=0.1, bin_numeric_features=None, remove_outliers=False, outliers_threshold=0.05,
                    remove_multicollinearity=False, multicollinearity_threshold=0.9, remove_perfect_collinearity=False, create_clusters=False, cluster_iter=20,
                    polynomial_features=False, polynomial_degree=2, trigonometry_features=False, polynomial_threshold=0.1, group_features=None,
                    group_names=None, feature_selection=False, feature_selection_threshold=0.8, feature_interaction=False, feature_ratio=False, interaction_threshold=0.01,
                    fix_imbalance=False, fix_imbalance_method=None, data_split_shuffle=True, folds_shuffle=False, n_jobs=-1, html=False, session_id=None, log_experiment=False,
                    experiment_name=None, log_plots=False, log_profile=False, log_data=False, silent=True, verbose=False, profile=False)
2020-08-02 20:04:01,493:INFO:Checking environment
2020-08-02 20:04:01,493:INFO:python_version: 3.7.4
2020-08-02 20:04:01,493:INFO:python_build: ('default', 'Aug  9 2019 18:34:13')
2020-08-02 20:04:01,494:INFO:machine: AMD64
2020-08-02 20:04:01,494:INFO:platform: Windows-10-10.0.18362-SP0
2020-08-02 20:04:01,494:INFO:Memory: svmem(total=14941855744, available=8678899712, percent=41.9, used=6262956032, free=8678899712)
2020-08-02 20:04:01,494:INFO:Physical Core: 4
2020-08-02 20:04:01,494:INFO:Logical Core: 8
2020-08-02 20:04:01,494:INFO:Checking libraries
2020-08-02 20:04:01,494:INFO:pd==1.0.5
2020-08-02 20:04:01,494:INFO:numpy==1.18.5
2020-08-02 20:04:01,494:INFO:sklearn==0.23.1
2020-08-02 20:04:02,262:INFO:xgboost==1.1.1
2020-08-02 20:04:02,282:INFO:lightgbm==2.3.1
2020-08-02 20:04:02,301:INFO:catboost==0.23.2
2020-08-02 20:04:03,138:INFO:mlflow==1.10.0
2020-08-02 20:04:03,139:INFO:Checking Exceptions
2020-08-02 20:04:03,139:INFO:Preloading libraries
2020-08-02 20:04:03,139:INFO:Preparing display monitor
2020-08-02 20:04:03,145:INFO:Importing libraries
2020-08-02 20:04:03,445:INFO:Copying data for preprocessing
2020-08-02 20:04:03,451:INFO:Declaring global variables
2020-08-02 20:04:03,453:INFO:Declaring preprocessing parameters
2020-08-02 20:04:03,453:INFO:Importing preprocessing module
2020-08-02 20:04:04,044:INFO:Creating preprocessing pipeline
2020-08-02 20:04:05,130:INFO:Preprocessing pipeline created successfully
2020-08-02 20:04:05,130:ERROR:(Process Exit): setup has been interupted with user command 'quit'. setup must rerun.
2020-08-02 20:04:05,130:INFO:Creating grid variables
2020-08-02 20:04:05,137:INFO:Creating global containers
2020-08-02 20:04:05,225:INFO:create_model_container 0
2020-08-02 20:04:05,225:INFO:master_model_container 0
2020-08-02 20:04:05,225:INFO:display_container 0
2020-08-02 20:04:05,237:INFO:Pipeline(memory=None,
         steps=[('dtypes',
                 DataTypes_Auto_infer(categorical_features=[],
                                      display_types=False, features_todrop=[],
                                      ml_usecase='regression',
                                      numerical_features=[], target='y',
                                      time_features=[])),
                ('imputer',
                 Simple_Imputer(categorical_strategy='not_available',
                                numeric_strategy='mean',
                                target_variable=None)),
                ('new_levels1',
                 New_Catagorical_Levels_in_T...
                ('group', Empty()), ('nonliner', Empty()), ('scaling', Empty()),
                ('P_transform', Empty()), ('pt_target', Empty()),
                ('binn', Empty()), ('rem_outliers', Empty()),
                ('cluster_all', Empty()), ('dummy', Dummify(target='y')),
                ('fix_perfect', Empty()), ('clean_names', Clean_Colum_Names()),
                ('feature_select', Empty()), ('fix_multi', Empty()),
                ('dfs', Empty()), ('pca', Empty())],
         verbose=False)
2020-08-02 20:04:05,238:INFO:setup() succesfully completed......................................
2020-08-02 20:04:05,272:INFO:Initializing create_model()
2020-08-02 20:04:05,272:INFO:create_model(estimator=lr, ensemble=False, method=None, fold=10, round=4, cross_validation=True, verbose=True, system=True)
2020-08-02 20:04:05,272:INFO:Checking exceptions
2020-08-02 20:04:05,272:INFO:Preloading libraries
2020-08-02 20:04:05,273:INFO:Preparing display monitor
2020-08-02 20:04:05,287:INFO:Copying training dataset
2020-08-02 20:04:05,290:INFO:Importing libraries
2020-08-02 20:04:05,290:INFO:Defining folds
2020-08-02 20:04:05,290:INFO:Declaring metric variables
2020-08-02 20:04:05,291:INFO:Importing untrained model
2020-08-02 20:04:05,291:INFO:Logistic Regression Imported succesfully
2020-08-02 20:04:05,292:INFO:Checking ensemble method
2020-08-02 20:04:05,296:INFO:Initializing Fold 1
2020-08-02 20:04:05,301:INFO:Fitting Model
2020-08-02 20:04:05,464:INFO:Evaluating Metrics
2020-08-02 20:04:05,475:INFO:Compiling Metrics
2020-08-02 20:04:05,481:INFO:Initializing Fold 2
2020-08-02 20:04:05,485:INFO:Fitting Model
2020-08-02 20:04:05,609:INFO:Evaluating Metrics
2020-08-02 20:04:05,620:INFO:Compiling Metrics
2020-08-02 20:04:05,626:INFO:Initializing Fold 3
2020-08-02 20:04:05,630:INFO:Fitting Model
2020-08-02 20:04:05,753:INFO:Evaluating Metrics
2020-08-02 20:04:05,765:INFO:Compiling Metrics
2020-08-02 20:04:05,771:INFO:Initializing Fold 4
2020-08-02 20:04:05,775:INFO:Fitting Model
2020-08-02 20:04:05,919:INFO:Evaluating Metrics
2020-08-02 20:04:05,931:INFO:Compiling Metrics
2020-08-02 20:04:05,937:INFO:Initializing Fold 5
2020-08-02 20:04:05,941:INFO:Fitting Model
2020-08-02 20:04:06,087:INFO:Evaluating Metrics
2020-08-02 20:04:06,099:INFO:Compiling Metrics
2020-08-02 20:04:06,105:INFO:Initializing Fold 6
2020-08-02 20:04:06,109:INFO:Fitting Model
2020-08-02 20:04:06,254:INFO:Evaluating Metrics
2020-08-02 20:04:06,266:INFO:Compiling Metrics
2020-08-02 20:04:06,272:INFO:Initializing Fold 7
2020-08-02 20:04:06,276:INFO:Fitting Model
2020-08-02 20:04:06,420:INFO:Evaluating Metrics
2020-08-02 20:04:06,432:INFO:Compiling Metrics
2020-08-02 20:04:06,437:INFO:Initializing Fold 8
2020-08-02 20:04:06,442:INFO:Fitting Model
2020-08-02 20:04:06,575:INFO:Evaluating Metrics
2020-08-02 20:04:06,587:INFO:Compiling Metrics
2020-08-02 20:04:06,592:INFO:Initializing Fold 9
2020-08-02 20:04:06,596:INFO:Fitting Model
2020-08-02 20:04:06,724:INFO:Evaluating Metrics
2020-08-02 20:04:06,736:INFO:Compiling Metrics
2020-08-02 20:04:06,742:INFO:Initializing Fold 10
2020-08-02 20:04:06,746:INFO:Fitting Model
2020-08-02 20:04:06,887:INFO:Evaluating Metrics
2020-08-02 20:04:06,902:INFO:Compiling Metrics
2020-08-02 20:04:06,909:INFO:Calculating mean and std
2020-08-02 20:04:06,910:INFO:Creating metrics dataframe
2020-08-02 20:04:06,915:INFO:Finalizing model
2020-08-02 20:04:07,100:INFO:Uploading results into container
2020-08-02 20:04:07,100:INFO:Uploading model into container now
2020-08-02 20:04:07,125:INFO:create_model_container: 1
2020-08-02 20:04:07,125:INFO:master_model_container: 1
2020-08-02 20:04:07,125:INFO:display_container: 1
2020-08-02 20:04:07,126:INFO:LogisticRegression(C=1.0, class_weight=None, dual=False, fit_intercept=True,
                   intercept_scaling=1, l1_ratio=None, max_iter=100,
                   multi_class='auto', n_jobs=None, penalty='l2',
                   random_state=1000, solver='lbfgs', tol=0.0001, verbose=0,
                   warm_start=False)
2020-08-02 20:04:07,127:INFO:create_model() succesfully completed......................................
2020-08-02 20:04:07,178:INFO:Initializing compare_models()
2020-08-02 20:04:07,179:INFO:compare_models(blacklist=None, whitelist=['rf', 'ada', 'gbc', 'et', 'xgboost', 'lightgbm', 'catboost'], fold=3, round=4, sort=Accuracy, n_select=1, turbo=True, verbose=True)
2020-08-02 20:04:07,179:INFO:Checking exceptions
2020-08-02 20:04:07,181:INFO:Preloading libraries
2020-08-02 20:04:07,181:INFO:Preparing display monitor
2020-08-02 20:04:07,199:INFO:Copying training dataset
2020-08-02 20:04:07,200:INFO:Importing libraries
2020-08-02 20:04:07,226:INFO:Importing untrained models
2020-08-02 20:04:07,227:INFO:Import successful
2020-08-02 20:04:07,230:INFO:Defining folds
2020-08-02 20:04:07,230:INFO:Declaring metric variables
2020-08-02 20:04:07,231:INFO:Initializing Random Forest Classifier
2020-08-02 20:04:07,234:INFO:Initializing Fold 1
2020-08-02 20:04:07,241:INFO:Fitting Model
2020-08-02 20:04:07,370:INFO:Evaluating Metrics
2020-08-02 20:04:07,606:INFO:Compiling Metrics
2020-08-02 20:04:07,610:INFO:Initializing Fold 2
2020-08-02 20:04:07,615:INFO:Fitting Model
2020-08-02 20:04:07,730:INFO:Evaluating Metrics
2020-08-02 20:04:07,955:INFO:Compiling Metrics
2020-08-02 20:04:07,959:INFO:Initializing Fold 3
2020-08-02 20:04:07,964:INFO:Fitting Model
2020-08-02 20:04:08,078:INFO:Evaluating Metrics
2020-08-02 20:04:08,305:INFO:Compiling Metrics
2020-08-02 20:04:08,309:INFO:Calculating mean and std
2020-08-02 20:04:08,310:INFO:Creating metrics dataframe
2020-08-02 20:04:08,315:INFO:Initializing Ada Boost Classifier
2020-08-02 20:04:08,317:INFO:Initializing Fold 1
2020-08-02 20:04:08,322:INFO:Fitting Model
2020-08-02 20:04:10,143:INFO:Evaluating Metrics
2020-08-02 20:04:10,212:INFO:Compiling Metrics
2020-08-02 20:04:10,216:INFO:Initializing Fold 2
2020-08-02 20:04:10,220:INFO:Fitting Model
2020-08-02 20:04:12,446:INFO:Evaluating Metrics
2020-08-02 20:04:12,572:INFO:Compiling Metrics
2020-08-02 20:04:12,578:INFO:Initializing Fold 3
2020-08-02 20:04:12,585:INFO:Fitting Model
2020-08-02 20:04:15,153:INFO:Evaluating Metrics
2020-08-02 20:04:15,255:INFO:Compiling Metrics
2020-08-02 20:04:15,260:INFO:Calculating mean and std
2020-08-02 20:04:15,260:INFO:Creating metrics dataframe
2020-08-02 20:04:15,266:INFO:Initializing Gradient Boosting Classifier
2020-08-02 20:04:15,268:INFO:Initializing Fold 1
2020-08-02 20:04:15,273:INFO:Fitting Model
2020-08-02 20:04:27,324:INFO:Evaluating Metrics
2020-08-02 20:04:27,348:INFO:Compiling Metrics
2020-08-02 20:04:27,352:INFO:Initializing Fold 2
2020-08-02 20:04:27,356:INFO:Fitting Model
2020-08-02 20:04:37,258:INFO:Evaluating Metrics
2020-08-02 20:04:37,278:INFO:Compiling Metrics
2020-08-02 20:04:37,282:INFO:Initializing Fold 3
2020-08-02 20:04:37,286:INFO:Fitting Model
2020-08-02 20:04:49,374:INFO:Evaluating Metrics
2020-08-02 20:04:49,408:INFO:Compiling Metrics
2020-08-02 20:04:49,415:INFO:Calculating mean and std
2020-08-02 20:04:49,415:INFO:Creating metrics dataframe
2020-08-02 20:04:49,422:INFO:Initializing Extra Trees Classifier
2020-08-02 20:04:49,425:INFO:Initializing Fold 1
2020-08-02 20:04:49,432:INFO:Fitting Model
2020-08-02 20:04:49,709:INFO:Evaluating Metrics
2020-08-02 20:04:49,942:INFO:Compiling Metrics
2020-08-02 20:04:49,946:INFO:Initializing Fold 2
2020-08-02 20:04:49,950:INFO:Fitting Model
2020-08-02 20:04:50,201:INFO:Evaluating Metrics
2020-08-02 20:04:50,434:INFO:Compiling Metrics
2020-08-02 20:04:50,439:INFO:Initializing Fold 3
2020-08-02 20:04:50,444:INFO:Fitting Model
2020-08-02 20:04:50,704:INFO:Evaluating Metrics
2020-08-02 20:04:50,932:INFO:Compiling Metrics
2020-08-02 20:04:50,937:INFO:Calculating mean and std
2020-08-02 20:04:50,937:INFO:Creating metrics dataframe
2020-08-02 20:04:50,941:INFO:Initializing Extreme Gradient Boosting
2020-08-02 20:04:50,943:INFO:Initializing Fold 1
2020-08-02 20:04:50,947:INFO:Fitting Model
2020-08-02 20:04:52,093:INFO:Evaluating Metrics
2020-08-02 20:04:52,152:INFO:Compiling Metrics
2020-08-02 20:04:52,161:INFO:Initializing Fold 2
2020-08-02 20:04:52,171:INFO:Fitting Model
2020-08-02 20:04:53,311:INFO:Evaluating Metrics
2020-08-02 20:04:53,361:INFO:Compiling Metrics
2020-08-02 20:04:53,367:INFO:Initializing Fold 3
2020-08-02 20:04:53,373:INFO:Fitting Model
2020-08-02 20:04:54,457:INFO:Evaluating Metrics
2020-08-02 20:04:54,513:INFO:Compiling Metrics
2020-08-02 20:04:54,521:INFO:Calculating mean and std
2020-08-02 20:04:54,522:INFO:Creating metrics dataframe
2020-08-02 20:04:54,529:INFO:Initializing Light Gradient Boosting Machine
2020-08-02 20:04:54,532:INFO:Initializing Fold 1
2020-08-02 20:04:54,539:INFO:Fitting Model
2020-08-02 20:04:56,588:INFO:Evaluating Metrics
2020-08-02 20:04:56,633:INFO:Compiling Metrics
2020-08-02 20:04:56,639:INFO:Initializing Fold 2
2020-08-02 20:04:56,647:INFO:Fitting Model
2020-08-02 20:04:58,685:INFO:Evaluating Metrics
2020-08-02 20:04:58,727:INFO:Compiling Metrics
2020-08-02 20:04:58,734:INFO:Initializing Fold 3
2020-08-02 20:04:58,741:INFO:Fitting Model
2020-08-02 20:05:00,940:INFO:Evaluating Metrics
2020-08-02 20:05:00,981:INFO:Compiling Metrics
2020-08-02 20:05:00,988:INFO:Calculating mean and std
2020-08-02 20:05:00,988:INFO:Creating metrics dataframe
2020-08-02 20:05:00,995:INFO:Initializing CatBoost Classifier
2020-08-02 20:05:00,998:INFO:Initializing Fold 1
2020-08-02 20:05:01,005:INFO:Fitting Model
2020-08-02 20:05:30,671:INFO:Evaluating Metrics
2020-08-02 20:05:30,709:INFO:Compiling Metrics
2020-08-02 20:05:30,719:INFO:Initializing Fold 2
2020-08-02 20:05:30,725:INFO:Fitting Model
2020-08-02 20:06:01,301:INFO:Evaluating Metrics
2020-08-02 20:06:01,352:INFO:Compiling Metrics
2020-08-02 20:06:01,365:INFO:Initializing Fold 3
2020-08-02 20:06:01,374:INFO:Fitting Model
2020-08-02 20:06:31,170:INFO:Evaluating Metrics
2020-08-02 20:06:31,213:INFO:Compiling Metrics
2020-08-02 20:06:31,225:INFO:Calculating mean and std
2020-08-02 20:06:31,225:INFO:Creating metrics dataframe
2020-08-02 20:06:31,234:INFO:Finalizing top_n models
2020-08-02 20:06:31,234:INFO:SubProcess create_model() called ==================================
2020-08-02 20:06:31,235:INFO:Initializing create_model()
2020-08-02 20:06:31,235:INFO:create_model(estimator=et, ensemble=False, method=None, fold=10, round=4, cross_validation=True, verbose=False, system=False)
2020-08-02 20:06:31,236:INFO:Checking exceptions
2020-08-02 20:06:31,236:INFO:Preloading libraries
2020-08-02 20:06:31,236:INFO:Preparing display monitor
2020-08-02 20:06:31,249:INFO:Copying training dataset
2020-08-02 20:06:31,252:INFO:Importing libraries
2020-08-02 20:06:31,252:INFO:Defining folds
2020-08-02 20:06:31,252:INFO:Declaring metric variables
2020-08-02 20:06:31,253:INFO:Importing untrained model
2020-08-02 20:06:31,253:INFO:Extra Trees Classifier Imported succesfully
2020-08-02 20:06:31,253:INFO:Checking ensemble method
2020-08-02 20:06:31,256:INFO:Initializing Fold 1
2020-08-02 20:06:31,263:INFO:Fitting Model
2020-08-02 20:06:31,670:INFO:Evaluating Metrics
2020-08-02 20:06:31,902:INFO:Compiling Metrics
2020-08-02 20:06:31,909:INFO:Initializing Fold 2
2020-08-02 20:06:31,915:INFO:Fitting Model
2020-08-02 20:06:32,281:INFO:Evaluating Metrics
2020-08-02 20:06:32,513:INFO:Compiling Metrics
2020-08-02 20:06:32,522:INFO:Initializing Fold 3
2020-08-02 20:06:32,527:INFO:Fitting Model
2020-08-02 20:06:32,903:INFO:Evaluating Metrics
2020-08-02 20:06:33,134:INFO:Compiling Metrics
2020-08-02 20:06:33,142:INFO:Initializing Fold 4
2020-08-02 20:06:33,148:INFO:Fitting Model
2020-08-02 20:06:33,524:INFO:Evaluating Metrics
2020-08-02 20:06:33,756:INFO:Compiling Metrics
2020-08-02 20:06:33,765:INFO:Initializing Fold 5
2020-08-02 20:06:33,771:INFO:Fitting Model
2020-08-02 20:06:34,150:INFO:Evaluating Metrics
2020-08-02 20:06:34,380:INFO:Compiling Metrics
2020-08-02 20:06:34,387:INFO:Initializing Fold 6
2020-08-02 20:06:34,392:INFO:Fitting Model
2020-08-02 20:06:34,771:INFO:Evaluating Metrics
2020-08-02 20:06:35,007:INFO:Compiling Metrics
2020-08-02 20:06:35,017:INFO:Initializing Fold 7
2020-08-02 20:06:35,023:INFO:Fitting Model
2020-08-02 20:06:35,411:INFO:Evaluating Metrics
2020-08-02 20:06:35,643:INFO:Compiling Metrics
2020-08-02 20:06:35,653:INFO:Initializing Fold 8
2020-08-02 20:06:35,659:INFO:Fitting Model
2020-08-02 20:06:36,044:INFO:Evaluating Metrics
2020-08-02 20:06:36,279:INFO:Compiling Metrics
2020-08-02 20:06:36,291:INFO:Initializing Fold 9
2020-08-02 20:06:36,298:INFO:Fitting Model
2020-08-02 20:06:36,684:INFO:Evaluating Metrics
2020-08-02 20:06:36,921:INFO:Compiling Metrics
2020-08-02 20:06:36,931:INFO:Initializing Fold 10
2020-08-02 20:06:36,937:INFO:Fitting Model
2020-08-02 20:06:37,319:INFO:Evaluating Metrics
2020-08-02 20:06:37,554:INFO:Compiling Metrics
2020-08-02 20:06:37,563:INFO:Calculating mean and std
2020-08-02 20:06:37,564:INFO:Creating metrics dataframe
2020-08-02 20:06:37,571:INFO:Finalizing model
2020-08-02 20:06:37,955:INFO:Uploading results into container
2020-08-02 20:06:37,956:INFO:Uploading model into container now
2020-08-02 20:06:37,956:INFO:create_model_container: 2
2020-08-02 20:06:37,956:INFO:master_model_container: 2
2020-08-02 20:06:37,956:INFO:display_container: 2
2020-08-02 20:06:37,957:INFO:ExtraTreesClassifier(bootstrap=False, ccp_alpha=0.0, class_weight=None,
                     criterion='gini', max_depth=None, max_features='auto',
                     max_leaf_nodes=None, max_samples=None,
                     min_impurity_decrease=0.0, min_impurity_split=None,
                     min_samples_leaf=1, min_samples_split=2,
                     min_weight_fraction_leaf=0.0, n_estimators=100, n_jobs=-1,
                     oob_score=False, random_state=1000, verbose=0,
                     warm_start=False)
2020-08-02 20:06:37,957:INFO:create_model() succesfully completed......................................
2020-08-02 20:06:37,958:INFO:SubProcess create_model() end ==================================
2020-08-02 20:06:37,964:INFO:create_model_container: 2
2020-08-02 20:06:37,965:INFO:master_model_container: 2
2020-08-02 20:06:37,965:INFO:display_container: 3
2020-08-02 20:06:37,965:INFO:ExtraTreesClassifier(bootstrap=False, ccp_alpha=0.0, class_weight=None,
                     criterion='gini', max_depth=None, max_features='auto',
                     max_leaf_nodes=None, max_samples=None,
                     min_impurity_decrease=0.0, min_impurity_split=None,
                     min_samples_leaf=1, min_samples_split=2,
                     min_weight_fraction_leaf=0.0, n_estimators=100, n_jobs=-1,
                     oob_score=False, random_state=1000, verbose=0,
                     warm_start=False)
2020-08-02 20:06:37,966:INFO:compare_models() succesfully completed......................................
